<?xml version="1.0" encoding="UTF-8"?>
<testsuite name="LearningProvar/tests" tests="0" failures="0" skipped="0" hostname="ibm-anubhavgupta" time="8.786" timestamp="Tue Sep 10 18:22:27 IST 2024">
	<properties>
		<property name="excludeCallableTestCases" value="true"/>
		<property name="testEnvironment" value=""/>
		<property name="pluginOutputLevel" value="WARNING"/>
		<property name="projectPath" value=".."/>
		<property name="salesforceMetadataCache" value="Reload"/>
		<property name="resultsPathDisposition" value="Replace"/>
		<property name="testOutputLevel" value="FINE"/>
		<property name="webBrowserType" value="Chrome"/>
		<property name="resultsPath" value="../ANT/Results"/>
		<property name="webBrowserConfiguration" value="Full Screen"/>
		<property name="projectCachePath" value="C:\Users\anubhav.gupta\Provar\Workspace_2\LearningProvar\ANT\..\.provarCaches"/>
	</properties>
</testsuite>
