<?xml version="1.0" encoding="UTF-8"?>
<testsuite name="LearningProvar/tests" tests="0" failures="0" skipped="0" hostname="ibm-anubhavgupta" time="1.72707904E9" timestamp="Thu Jan 01 05:30:00 IST 1970">
	<properties>
		<property name="excludeCallableTestCases" value="true"/>
		<property name="testEnvironment" value="QA"/>
		<property name="pluginOutputLevel" value="WARNING"/>
		<property name="projectPath" value=".."/>
		<property name="salesforceMetadataCache" value="Reload"/>
		<property name="resultsPathDisposition" value="Replace"/>
		<property name="testOutputLevel" value="INFO"/>
		<property name="webBrowserType" value="Chrome"/>
		<property name="resultsPath" value="../ANT/Results"/>
		<property name="webBrowserConfiguration" value="Full Screen"/>
		<property name="projectCachePath" value="C:\Users\anubhav.gupta\Provar\Workspace_2\LearningProvar\ANT\..\..\.provarCaches"/>
	</properties>
</testsuite>
