<?xml version="1.0" encoding="UTF-8"?>
<testsuite name="LearningProvar/tests" tests="1" failures="1" skipped="0" hostname="ibm-anubhavgupta" time="2.32" timestamp="Wed Sep 25 19:10:34 IST 2024">
	<properties>
		<property name="excludeCallableTestCases" value="true"/>
		<property name="testEnvironment" value=""/>
		<property name="pluginOutputLevel" value="WARNING"/>
		<property name="projectPath" value=".."/>
		<property name="salesforceMetadataCache" value="Reload"/>
		<property name="resultsPathDisposition" value="Replace"/>
		<property name="testOutputLevel" value="INFO"/>
		<property name="webBrowserType" value="Chrome"/>
		<property name="resultsPath" value="../ANT/Results"/>
		<property name="webBrowserConfiguration" value="Full Screen"/>
		<property name="projectCachePath" value="C:\Users\anubhav.gupta\Provar\Workspace_2\LearningProvar\ANT\..\..\.provarCaches"/>
	</properties>
	<testcase classname="tests/Basic Guide Impementation\Main_Task.testcase" name="Main_Task.testcase" time="2.314">
		<failure message="Execution failed"><![CDATA[Connection exception while opening Partner connection. Connection name: SalesforceConnection, environment: <default>, authEndpoint: https://login.salesforce.com/services/Soap/u/61.0, userName: anubhav.gupta@sandbox.com, password: [empty], securityToken: [empty]]]></failure>
	</testcase>
</testsuite>
